<?xml version="1.0" encoding="UTF-8"?>
<testng-results skipped="0" failed="0" ignored="0" total="1" passed="1">
  <reporter-output>
  </reporter-output>
  <suite name="Default suite" duration-ms="62" started-at="2018-05-11T19:10:49Z" finished-at="2018-05-11T19:10:49Z">
    <groups>
    </groups>
    <test name="Default test" duration-ms="62" started-at="2018-05-11T19:10:49Z" finished-at="2018-05-11T19:10:49Z">
      <class name="sistema.estudoTests">
        <test-method status="PASS" signature="estudoTestandoClassMainTest()[pri:1, instance:sistema.estudoTests@31d7b7bf]" name="estudoTestandoClassMainTest" duration-ms="26" started-at="2018-05-11T19:10:49Z" finished-at="2018-05-11T19:10:49Z">
          <reporter-output>
          </reporter-output>
        </test-method> <!-- estudoTestandoClassMainTest -->
      </class> <!-- sistema.estudoTests -->
    </test> <!-- Default test -->
  </suite> <!-- Default suite -->
</testng-results>
